<?xml version="1.0" encoding="UTF-8"?>
<!-- Generated by org.testng.reporters.JUnitXMLReporter -->
<testsuite ignored="0" hostname="DESKTOP-QUL0G06" failures="1" tests="1" name="Regression Testing - chrome" time="46.211" errors="0" timestamp="14 Dec 2022 09:17:24 GMT">
  <testcase classname="sampleTest.MyLogoTest" name="newMemberRegistration" time="9.604">
    <failure type="java.lang.AssertionError" message="The following asserts failed:
	Title is not matching expected [Tools] but found [ToolsQA]">
      <![CDATA[java.lang.AssertionError: The following asserts failed:
	Title is not matching expected [Tools] but found [ToolsQA]
	at util.LogInPageObject.register(LogInPageObject.java:140)
	at sampleTest.MyLogoTest.newMemberRegistration(MyLogoTest.java:138)
	at java.base/java.util.concurrent.FutureTask.run(FutureTask.java:264)
	at java.base/java.util.concurrent.ThreadPoolExecutor.runWorker(ThreadPoolExecutor.java:1135)
	at java.base/java.util.concurrent.ThreadPoolExecutor$Worker.run(ThreadPoolExecutor.java:635)
	at java.base/java.lang.Thread.run(Thread.java:844)
... Removed 17 stack frames]]>
    </failure>
  </testcase> <!-- newMemberRegistration -->
</testsuite> <!-- Regression Testing - chrome -->
