<?xml version="1.0" encoding="UTF-8"?>
<testng-results ignored="0" total="1" passed="0" failed="1" skipped="0">
  <reporter-output>
  </reporter-output>
  <suite started-at="2022-12-14T09:16:37Z" name="UI Tests" finished-at="2022-12-14T09:17:24Z" duration-ms="46211">
    <groups>
      <group name="single">
        <method signature="MyLogoTest.newMemberRegistration(java.util.Map)[pri:0, instance:sampleTest.MyLogoTest@13d73fa]" name="newMemberRegistration" class="sampleTest.MyLogoTest"/>
      </group> <!-- single -->
      <group name="Multiple">
        <method signature="MyLogoTest.newMemberRegistration(java.util.Map)[pri:0, instance:sampleTest.MyLogoTest@13d73fa]" name="newMemberRegistration" class="sampleTest.MyLogoTest"/>
      </group> <!-- Multiple -->
    </groups>
    <test started-at="2022-12-14T09:16:37Z" name="Regression Testing - chrome" finished-at="2022-12-14T09:17:24Z" duration-ms="46211">
      <class name="sampleTest.MyLogoTest">
        <test-method is-config="true" signature="invokeBrowser(java.lang.String)[pri:0, instance:sampleTest.MyLogoTest@13d73fa]" started-at="2022-12-14T14:46:38Z" name="invokeBrowser" finished-at="2022-12-14T14:47:13Z" duration-ms="34161" status="PASS">
          <params>
            <param index="0">
              <value>
                <![CDATA[chrome]]>
              </value>
            </param>
          </params>
          <reporter-output>
          </reporter-output>
        </test-method> <!-- invokeBrowser -->
        <test-method signature="newMemberRegistration(java.util.Map)[pri:0, instance:sampleTest.MyLogoTest@13d73fa]" started-at="2022-12-14T14:47:13Z" name="newMemberRegistration" data-provider="singleTestCaseMultipleTimes" finished-at="2022-12-14T14:47:22Z" duration-ms="9604" status="FAIL">
          <params>
            <param index="0">
              <value>
                <![CDATA[{Company=ABS, Address=25, Waters ST, FirstName=Ritesh, City=Kitchener, AssignAnAddress=Brampton, MobilePhone=5197477123, AddressLine2=South, Username=riteshkumar6216@gmail.com, ZipPostalCode=85001, HomePhone=5197477000, State=Florida, Country=United States, LastName=Kumar, Password=ritesh@1234}]]>
              </value>
            </param>
          </params>
          <exception class="java.lang.AssertionError">
            <message>
              <![CDATA[The following asserts failed:
	Title is not matching expected [Tools] but found [ToolsQA]]]>
            </message>
            <full-stacktrace>
              <![CDATA[java.lang.AssertionError: The following asserts failed:
	Title is not matching expected [Tools] but found [ToolsQA]
	at org.testng.asserts.SoftAssert.assertAll(SoftAssert.java:43)
	at util.LogInPageObject.register(LogInPageObject.java:140)
	at sampleTest.MyLogoTest.newMemberRegistration(MyLogoTest.java:138)
	at java.base/jdk.internal.reflect.NativeMethodAccessorImpl.invoke0(Native Method)
	at java.base/jdk.internal.reflect.NativeMethodAccessorImpl.invoke(NativeMethodAccessorImpl.java:62)
	at java.base/jdk.internal.reflect.DelegatingMethodAccessorImpl.invoke(DelegatingMethodAccessorImpl.java:43)
	at java.base/java.lang.reflect.Method.invoke(Method.java:564)
	at org.testng.internal.MethodInvocationHelper.invokeMethod(MethodInvocationHelper.java:104)
	at org.testng.internal.Invoker.invokeMethod(Invoker.java:645)
	at org.testng.internal.Invoker.invokeTestMethod(Invoker.java:851)
	at org.testng.internal.Invoker.invokeTestMethods(Invoker.java:1177)
	at org.testng.internal.TestMethodWorker.invokeTestMethods(TestMethodWorker.java:129)
	at org.testng.internal.TestMethodWorker.run(TestMethodWorker.java:112)
	at org.testng.TestRunner.privateRun(TestRunner.java:756)
	at org.testng.TestRunner.run(TestRunner.java:610)
	at org.testng.SuiteRunner.runTest(SuiteRunner.java:387)
	at org.testng.SuiteRunner.access$000(SuiteRunner.java:39)
	at org.testng.SuiteRunner$SuiteWorker.run(SuiteRunner.java:421)
	at org.testng.internal.thread.ThreadUtil$2.call(ThreadUtil.java:64)
	at java.base/java.util.concurrent.FutureTask.run(FutureTask.java:264)
	at java.base/java.util.concurrent.ThreadPoolExecutor.runWorker(ThreadPoolExecutor.java:1135)
	at java.base/java.util.concurrent.ThreadPoolExecutor$Worker.run(ThreadPoolExecutor.java:635)
	at java.base/java.lang.Thread.run(Thread.java:844)
]]>
            </full-stacktrace>
          </exception> <!-- java.lang.AssertionError -->
          <reporter-output>
          </reporter-output>
        </test-method> <!-- newMemberRegistration -->
        <test-method is-config="true" signature="afterTest()[pri:0, instance:sampleTest.MyLogoTest@13d73fa]" started-at="2022-12-14T14:47:23Z" name="afterTest" finished-at="2022-12-14T14:47:24Z" duration-ms="569" status="PASS">
          <reporter-output>
          </reporter-output>
        </test-method> <!-- afterTest -->
      </class> <!-- sampleTest.MyLogoTest -->
    </test> <!-- Regression Testing - chrome -->
  </suite> <!-- UI Tests -->
</testng-results>
